[logfiles]
ParallelRoot : life.log00 
top : life.log402 
life : life.log01 
life(0,0) : life.log02 
life(0,1) : life.log03 
life(0,2) : life.log04 
life(0,3) : life.log05 
life(0,4) : life.log06 
life(0,5) : life.log07 
life(0,6) : life.log08 
life(0,7) : life.log09 
life(0,8) : life.log10 
life(0,9) : life.log11 
life(0,10) : life.log12 
life(0,11) : life.log13 
life(0,12) : life.log14 
life(0,13) : life.log15 
life(0,14) : life.log16 
life(0,15) : life.log17 
life(0,16) : life.log18 
life(0,17) : life.log19 
life(0,18) : life.log20 
life(0,19) : life.log21 
life(1,0) : life.log22 
life(1,1) : life.log23 
life(1,2) : life.log24 
life(1,3) : life.log25 
life(1,4) : life.log26 
life(1,5) : life.log27 
life(1,6) : life.log28 
life(1,7) : life.log29 
life(1,8) : life.log30 
life(1,9) : life.log31 
life(1,10) : life.log32 
life(1,11) : life.log33 
life(1,12) : life.log34 
life(1,13) : life.log35 
life(1,14) : life.log36 
life(1,15) : life.log37 
life(1,16) : life.log38 
life(1,17) : life.log39 
life(1,18) : life.log40 
life(1,19) : life.log41 
life(2,0) : life.log42 
life(2,1) : life.log43 
life(2,2) : life.log44 
life(2,3) : life.log45 
life(2,4) : life.log46 
life(2,5) : life.log47 
life(2,6) : life.log48 
life(2,7) : life.log49 
life(2,8) : life.log50 
life(2,9) : life.log51 
life(2,10) : life.log52 
life(2,11) : life.log53 
life(2,12) : life.log54 
life(2,13) : life.log55 
life(2,14) : life.log56 
life(2,15) : life.log57 
life(2,16) : life.log58 
life(2,17) : life.log59 
life(2,18) : life.log60 
life(2,19) : life.log61 
life(3,0) : life.log62 
life(3,1) : life.log63 
life(3,2) : life.log64 
life(3,3) : life.log65 
life(3,4) : life.log66 
life(3,5) : life.log67 
life(3,6) : life.log68 
life(3,7) : life.log69 
life(3,8) : life.log70 
life(3,9) : life.log71 
life(3,10) : life.log72 
life(3,11) : life.log73 
life(3,12) : life.log74 
life(3,13) : life.log75 
life(3,14) : life.log76 
life(3,15) : life.log77 
life(3,16) : life.log78 
life(3,17) : life.log79 
life(3,18) : life.log80 
life(3,19) : life.log81 
life(4,0) : life.log82 
life(4,1) : life.log83 
life(4,2) : life.log84 
life(4,3) : life.log85 
life(4,4) : life.log86 
life(4,5) : life.log87 
life(4,6) : life.log88 
life(4,7) : life.log89 
life(4,8) : life.log90 
life(4,9) : life.log91 
life(4,10) : life.log92 
life(4,11) : life.log93 
life(4,12) : life.log94 
life(4,13) : life.log95 
life(4,14) : life.log96 
life(4,15) : life.log97 
life(4,16) : life.log98 
life(4,17) : life.log99 
life(4,18) : life.log100 
life(4,19) : life.log101 
life(5,0) : life.log102 
life(5,1) : life.log103 
life(5,2) : life.log104 
life(5,3) : life.log105 
life(5,4) : life.log106 
life(5,5) : life.log107 
life(5,6) : life.log108 
life(5,7) : life.log109 
life(5,8) : life.log110 
life(5,9) : life.log111 
life(5,10) : life.log112 
life(5,11) : life.log113 
life(5,12) : life.log114 
life(5,13) : life.log115 
life(5,14) : life.log116 
life(5,15) : life.log117 
life(5,16) : life.log118 
life(5,17) : life.log119 
life(5,18) : life.log120 
life(5,19) : life.log121 
life(6,0) : life.log122 
life(6,1) : life.log123 
life(6,2) : life.log124 
life(6,3) : life.log125 
life(6,4) : life.log126 
life(6,5) : life.log127 
life(6,6) : life.log128 
life(6,7) : life.log129 
life(6,8) : life.log130 
life(6,9) : life.log131 
life(6,10) : life.log132 
life(6,11) : life.log133 
life(6,12) : life.log134 
life(6,13) : life.log135 
life(6,14) : life.log136 
life(6,15) : life.log137 
life(6,16) : life.log138 
life(6,17) : life.log139 
life(6,18) : life.log140 
life(6,19) : life.log141 
life(7,0) : life.log142 
life(7,1) : life.log143 
life(7,2) : life.log144 
life(7,3) : life.log145 
life(7,4) : life.log146 
life(7,5) : life.log147 
life(7,6) : life.log148 
life(7,7) : life.log149 
life(7,8) : life.log150 
life(7,9) : life.log151 
life(7,10) : life.log152 
life(7,11) : life.log153 
life(7,12) : life.log154 
life(7,13) : life.log155 
life(7,14) : life.log156 
life(7,15) : life.log157 
life(7,16) : life.log158 
life(7,17) : life.log159 
life(7,18) : life.log160 
life(7,19) : life.log161 
life(8,0) : life.log162 
life(8,1) : life.log163 
life(8,2) : life.log164 
life(8,3) : life.log165 
life(8,4) : life.log166 
life(8,5) : life.log167 
life(8,6) : life.log168 
life(8,7) : life.log169 
life(8,8) : life.log170 
life(8,9) : life.log171 
life(8,10) : life.log172 
life(8,11) : life.log173 
life(8,12) : life.log174 
life(8,13) : life.log175 
life(8,14) : life.log176 
life(8,15) : life.log177 
life(8,16) : life.log178 
life(8,17) : life.log179 
life(8,18) : life.log180 
life(8,19) : life.log181 
life(9,0) : life.log182 
life(9,1) : life.log183 
life(9,2) : life.log184 
life(9,3) : life.log185 
life(9,4) : life.log186 
life(9,5) : life.log187 
life(9,6) : life.log188 
life(9,7) : life.log189 
life(9,8) : life.log190 
life(9,9) : life.log191 
life(9,10) : life.log192 
life(9,11) : life.log193 
life(9,12) : life.log194 
life(9,13) : life.log195 
life(9,14) : life.log196 
life(9,15) : life.log197 
life(9,16) : life.log198 
life(9,17) : life.log199 
life(9,18) : life.log200 
life(9,19) : life.log201 
life(10,0) : life.log202 
life(10,1) : life.log203 
life(10,2) : life.log204 
life(10,3) : life.log205 
life(10,4) : life.log206 
life(10,5) : life.log207 
life(10,6) : life.log208 
life(10,7) : life.log209 
life(10,8) : life.log210 
life(10,9) : life.log211 
life(10,10) : life.log212 
life(10,11) : life.log213 
life(10,12) : life.log214 
life(10,13) : life.log215 
life(10,14) : life.log216 
life(10,15) : life.log217 
life(10,16) : life.log218 
life(10,17) : life.log219 
life(10,18) : life.log220 
life(10,19) : life.log221 
life(11,0) : life.log222 
life(11,1) : life.log223 
life(11,2) : life.log224 
life(11,3) : life.log225 
life(11,4) : life.log226 
life(11,5) : life.log227 
life(11,6) : life.log228 
life(11,7) : life.log229 
life(11,8) : life.log230 
life(11,9) : life.log231 
life(11,10) : life.log232 
life(11,11) : life.log233 
life(11,12) : life.log234 
life(11,13) : life.log235 
life(11,14) : life.log236 
life(11,15) : life.log237 
life(11,16) : life.log238 
life(11,17) : life.log239 
life(11,18) : life.log240 
life(11,19) : life.log241 
life(12,0) : life.log242 
life(12,1) : life.log243 
life(12,2) : life.log244 
life(12,3) : life.log245 
life(12,4) : life.log246 
life(12,5) : life.log247 
life(12,6) : life.log248 
life(12,7) : life.log249 
life(12,8) : life.log250 
life(12,9) : life.log251 
life(12,10) : life.log252 
life(12,11) : life.log253 
life(12,12) : life.log254 
life(12,13) : life.log255 
life(12,14) : life.log256 
life(12,15) : life.log257 
life(12,16) : life.log258 
life(12,17) : life.log259 
life(12,18) : life.log260 
life(12,19) : life.log261 
life(13,0) : life.log262 
life(13,1) : life.log263 
life(13,2) : life.log264 
life(13,3) : life.log265 
life(13,4) : life.log266 
life(13,5) : life.log267 
life(13,6) : life.log268 
life(13,7) : life.log269 
life(13,8) : life.log270 
life(13,9) : life.log271 
life(13,10) : life.log272 
life(13,11) : life.log273 
life(13,12) : life.log274 
life(13,13) : life.log275 
life(13,14) : life.log276 
life(13,15) : life.log277 
life(13,16) : life.log278 
life(13,17) : life.log279 
life(13,18) : life.log280 
life(13,19) : life.log281 
life(14,0) : life.log282 
life(14,1) : life.log283 
life(14,2) : life.log284 
life(14,3) : life.log285 
life(14,4) : life.log286 
life(14,5) : life.log287 
life(14,6) : life.log288 
life(14,7) : life.log289 
life(14,8) : life.log290 
life(14,9) : life.log291 
life(14,10) : life.log292 
life(14,11) : life.log293 
life(14,12) : life.log294 
life(14,13) : life.log295 
life(14,14) : life.log296 
life(14,15) : life.log297 
life(14,16) : life.log298 
life(14,17) : life.log299 
life(14,18) : life.log300 
life(14,19) : life.log301 
life(15,0) : life.log302 
life(15,1) : life.log303 
life(15,2) : life.log304 
life(15,3) : life.log305 
life(15,4) : life.log306 
life(15,5) : life.log307 
life(15,6) : life.log308 
life(15,7) : life.log309 
life(15,8) : life.log310 
life(15,9) : life.log311 
life(15,10) : life.log312 
life(15,11) : life.log313 
life(15,12) : life.log314 
life(15,13) : life.log315 
life(15,14) : life.log316 
life(15,15) : life.log317 
life(15,16) : life.log318 
life(15,17) : life.log319 
life(15,18) : life.log320 
life(15,19) : life.log321 
life(16,0) : life.log322 
life(16,1) : life.log323 
life(16,2) : life.log324 
life(16,3) : life.log325 
life(16,4) : life.log326 
life(16,5) : life.log327 
life(16,6) : life.log328 
life(16,7) : life.log329 
life(16,8) : life.log330 
life(16,9) : life.log331 
life(16,10) : life.log332 
life(16,11) : life.log333 
life(16,12) : life.log334 
life(16,13) : life.log335 
life(16,14) : life.log336 
life(16,15) : life.log337 
life(16,16) : life.log338 
life(16,17) : life.log339 
life(16,18) : life.log340 
life(16,19) : life.log341 
life(17,0) : life.log342 
life(17,1) : life.log343 
life(17,2) : life.log344 
life(17,3) : life.log345 
life(17,4) : life.log346 
life(17,5) : life.log347 
life(17,6) : life.log348 
life(17,7) : life.log349 
life(17,8) : life.log350 
life(17,9) : life.log351 
life(17,10) : life.log352 
life(17,11) : life.log353 
life(17,12) : life.log354 
life(17,13) : life.log355 
life(17,14) : life.log356 
life(17,15) : life.log357 
life(17,16) : life.log358 
life(17,17) : life.log359 
life(17,18) : life.log360 
life(17,19) : life.log361 
life(18,0) : life.log362 
life(18,1) : life.log363 
life(18,2) : life.log364 
life(18,3) : life.log365 
life(18,4) : life.log366 
life(18,5) : life.log367 
life(18,6) : life.log368 
life(18,7) : life.log369 
life(18,8) : life.log370 
life(18,9) : life.log371 
life(18,10) : life.log372 
life(18,11) : life.log373 
life(18,12) : life.log374 
life(18,13) : life.log375 
life(18,14) : life.log376 
life(18,15) : life.log377 
life(18,16) : life.log378 
life(18,17) : life.log379 
life(18,18) : life.log380 
life(18,19) : life.log381 
life(19,0) : life.log382 
life(19,1) : life.log383 
life(19,2) : life.log384 
life(19,3) : life.log385 
life(19,4) : life.log386 
life(19,5) : life.log387 
life(19,6) : life.log388 
life(19,7) : life.log389 
life(19,8) : life.log390 
life(19,9) : life.log391 
life(19,10) : life.log392 
life(19,11) : life.log393 
life(19,12) : life.log394 
life(19,13) : life.log395 
life(19,14) : life.log396 
life(19,15) : life.log397 
life(19,16) : life.log398 
life(19,17) : life.log399 
life(19,18) : life.log400 
life(19,19) : life.log401 
