This is TeX, Version 3.14159 (Web2C 7.3.1) (format=latex 1999.9.25)  19 SEP 2000 17:47
**shark.tex
(shark.tex
LaTeX2e <1998/12/01> patch level 1
Babel <v3.6x> and hyphenation patterns for american, french, german, ngerman, i
talian, nohyphenation, loaded.
(/usr/share/texmf/tex/latex/base/latex209.def
File: latex209.def 1998/05/13 v0.52 Standard LaTeX file


          Entering LaTeX 2.09 COMPATIBILITY MODE
 *************************************************************
    !!WARNING!!    !!WARNING!!    !!WARNING!!    !!WARNING!!   
 
 This mode attempts to provide an emulation of the LaTeX 2.09
 author environment so that OLD documents can be successfully
 processed. It should NOT be used for NEW documents!
 
 New documents should use Standard LaTeX conventions and start
 with the \documentclass command.
 
 Compatibility mode is UNLIKELY TO WORK with LaTeX 2.09 style
 files that change any internal macros, especially not with
 those that change the FONT SELECTION or OUTPUT ROUTINES.
 
 Therefore such style files MUST BE UPDATED to use
          Current Standard LaTeX: LaTeX2e.
 If you suspect that you may be using such a style file, which
 is probably very, very old by now, then you should attempt to
 get it updated by sending a copy of this error message to the
 author of that file.
 *************************************************************

\footheight=\dimen102
\@maxsep=\dimen103
\@dblmaxsep=\dimen104
\@cla=\count79
\@clb=\count80
\mscount=\count81
(/usr/share/texmf/tex/latex/base/tracefnt.sty
Package: tracefnt 1997/05/29 v3.0j Standard LaTeX package (font tracing)
\tracingfonts=\count82
LaTeX Info: Redefining \selectfont on input line 83.
)
\symbold=\mathgroup4
\symsans=\mathgroup5
\symtypewriter=\mathgroup6
\symitalic=\mathgroup7
\symsmallcaps=\mathgroup8
\symslanted=\mathgroup9
LaTeX Font Info:    Redeclaring math alphabet \mathbf on input line 275.
LaTeX Font Info:    Redeclaring math alphabet \mathsf on input line 276.
LaTeX Font Info:    Redeclaring math alphabet \mathtt on input line 277.
LaTeX Font Info:    Redeclaring math alphabet \mathit on input line 283.
LaTeX Info: Redefining \em on input line 293.

(/usr/share/texmf/tex/latex/base/latexsym.sty
Package: latexsym 1998/08/17 v2.2e Standard LaTeX package (lasy symbols)
\symlasy=\mathgroup10
LaTeX Font Info:    Overwriting symbol font `lasy' in version `bold'
(Font)                  U/lasy/m/n --> U/lasy/b/n on input line 29.
)
LaTeX Font Info:    Redeclaring math delimiter \lgroup on input line 357.
LaTeX Font Info:    Redeclaring math delimiter \rgroup on input line 359.
LaTeX Font Info:    Redeclaring math delimiter \bracevert on input line 361.

(/usr/share/texmf/tex/latex/config/latex209.cfg)
(/usr/share/texmf/tex/latex/tools/rawfonts.sty
Package: rawfonts 1994/05/08 Low-level LaTeX 2.09 font compatibility

(/usr/share/texmf/tex/latex/tools/somedefs.sty
Package: somedefs 1994/06/01 Toolkit for optional definitions
)
LaTeX Font Info:    Try loading font information for U+lasy on input line 34.

(/usr/share/texmf/tex/latex/base/ulasy.fd
File: ulasy.fd 1998/08/17 v2.2eLaTeX symbol font definitions
)))
(/usr/share/texmf/tex/latex/base/report.cls
Document Class: report 1999/01/07 v1.4a Standard LaTeX document class
(/usr/share/texmf/tex/latex/base/size12.clo
File: size12.clo 1999/01/07 v1.4a Standard LaTeX file (size option)
)
\c@part=\count83
\c@chapter=\count84
\c@section=\count85
\c@subsection=\count86
\c@subsubsection=\count87
\c@paragraph=\count88
\c@subparagraph=\count89
\c@figure=\count90
\c@table=\count91
\abovecaptionskip=\skip41
\belowcaptionskip=\skip42
Compatibility mode: definition of \rm ignored.
Compatibility mode: definition of \sf ignored.
Compatibility mode: definition of \tt ignored.
Compatibility mode: definition of \bf ignored.
Compatibility mode: definition of \it ignored.
Compatibility mode: definition of \sl ignored.
Compatibility mode: definition of \sc ignored.
LaTeX Info: Redefining \cal on input line 566.
LaTeX Info: Redefining \mit on input line 567.
\bibindent=\dimen105
) (shark.aux)
\openout1 = `shark.aux'.

LaTeX Font Info:    Checking defaults for OML/cmm/m/it on input line 5.
LaTeX Font Info:    ... okay on input line 5.
LaTeX Font Info:    Checking defaults for T1/cmr/m/n on input line 5.
LaTeX Font Info:    ... okay on input line 5.
LaTeX Font Info:    Checking defaults for OT1/cmr/m/n on input line 5.
LaTeX Font Info:    ... okay on input line 5.
LaTeX Font Info:    Checking defaults for OMS/cmsy/m/n on input line 5.
LaTeX Font Info:    ... okay on input line 5.
LaTeX Font Info:    Checking defaults for OMX/cmex/m/n on input line 5.
LaTeX Font Info:    ... okay on input line 5.
LaTeX Font Info:    Checking defaults for U/cmr/m/n on input line 5.
LaTeX Font Info:    ... okay on input line 5.
LaTeX Font Info:    External font `cmex10' loaded for size
(Font)              <14.4> on input line 24.
LaTeX Font Info:    External font `cmex10' loaded for size
(Font)              <7> on input line 24.
LaTeX Font Info:    Try loading font information for OMS+cmtt on input line 24.

LaTeX Font Info:    No file OMScmtt.fd. on input line 24.
LaTeX Font Warning: Font shape `OMS/cmtt/m/n' undefined
(Font)              using `OMS/cmsy/m/n' instead
(Font)              for symbol `textbraceleft' on input line 24.
 [0

]
LaTeX Font Info:    External font `cmex10' loaded for size
(Font)              <12> on input line 29.
LaTeX Font Info:    External font `cmex10' loaded for size
(Font)              <8> on input line 29.
LaTeX Font Info:    External font `cmex10' loaded for size
(Font)              <6> on input line 29.
LaTeX Font Info:    Try loading font information for OMS+cmr on input line 29.

(/usr/share/texmf/tex/latex/base/omscmr.fd
File: omscmr.fd 1998/03/27 v2.5g Standard LaTeX font definitions
)
LaTeX Font Info:    Font shape `OMS/cmr/m/n' in size <12> not available
(Font)              Font shape `OMS/cmsy/m/n' tried instead on input line 29.
 [1] [2] [3]
LaTeX Font Info:    External font `cmex10' loaded for size
(Font)              <5> on input line 169.
 [4]
Overfull \hbox (5.03203pt too wide) in paragraph at lines 174--193
\OT1/cmr/m/n/12 Hines, Bal-akr-ish-nan Kan-nikeswaran, Venka-tram Kr-ish-naswam
y, Lantz Moore,
 []


Underfull \hbox (badness 10000) in paragraph at lines 194--205

 []

[5] (shark.aux)
LaTeX Font Warning: Some font shapes were not available, defaults substituted.
 ) 
Here is how much of TeX's memory you used:
 555 strings out of 10898
 5943 string characters out of 96881
 49201 words of memory out of 263001
 3499 multiletter control sequences out of 10000+0
 27788 words of font info for 102 fonts, out of 400000 for 1000
 14 hyphenation exceptions out of 1000
 25i,9n,22p,257b,307s stack positions out of 300i,100n,500p,50000b,4000s

Output written on shark.dvi (6 pages, 10148 bytes).
