[logfiles]
ParallelRoot : gas.log00 
top : gas.log227 
gas : gas.log01 
gas(0,0) : gas.log02 
gas(0,1) : gas.log03 
gas(0,2) : gas.log04 
gas(0,3) : gas.log05 
gas(0,4) : gas.log06 
gas(0,5) : gas.log07 
gas(0,6) : gas.log08 
gas(0,7) : gas.log09 
gas(0,8) : gas.log10 
gas(0,9) : gas.log11 
gas(0,10) : gas.log12 
gas(0,11) : gas.log13 
gas(0,12) : gas.log14 
gas(0,13) : gas.log15 
gas(0,14) : gas.log16 
gas(1,0) : gas.log17 
gas(1,1) : gas.log18 
gas(1,2) : gas.log19 
gas(1,3) : gas.log20 
gas(1,4) : gas.log21 
gas(1,5) : gas.log22 
gas(1,6) : gas.log23 
gas(1,7) : gas.log24 
gas(1,8) : gas.log25 
gas(1,9) : gas.log26 
gas(1,10) : gas.log27 
gas(1,11) : gas.log28 
gas(1,12) : gas.log29 
gas(1,13) : gas.log30 
gas(1,14) : gas.log31 
gas(2,0) : gas.log32 
gas(2,1) : gas.log33 
gas(2,2) : gas.log34 
gas(2,3) : gas.log35 
gas(2,4) : gas.log36 
gas(2,5) : gas.log37 
gas(2,6) : gas.log38 
gas(2,7) : gas.log39 
gas(2,8) : gas.log40 
gas(2,9) : gas.log41 
gas(2,10) : gas.log42 
gas(2,11) : gas.log43 
gas(2,12) : gas.log44 
gas(2,13) : gas.log45 
gas(2,14) : gas.log46 
gas(3,0) : gas.log47 
gas(3,1) : gas.log48 
gas(3,2) : gas.log49 
gas(3,3) : gas.log50 
gas(3,4) : gas.log51 
gas(3,5) : gas.log52 
gas(3,6) : gas.log53 
gas(3,7) : gas.log54 
gas(3,8) : gas.log55 
gas(3,9) : gas.log56 
gas(3,10) : gas.log57 
gas(3,11) : gas.log58 
gas(3,12) : gas.log59 
gas(3,13) : gas.log60 
gas(3,14) : gas.log61 
gas(4,0) : gas.log62 
gas(4,1) : gas.log63 
gas(4,2) : gas.log64 
gas(4,3) : gas.log65 
gas(4,4) : gas.log66 
gas(4,5) : gas.log67 
gas(4,6) : gas.log68 
gas(4,7) : gas.log69 
gas(4,8) : gas.log70 
gas(4,9) : gas.log71 
gas(4,10) : gas.log72 
gas(4,11) : gas.log73 
gas(4,12) : gas.log74 
gas(4,13) : gas.log75 
gas(4,14) : gas.log76 
gas(5,0) : gas.log77 
gas(5,1) : gas.log78 
gas(5,2) : gas.log79 
gas(5,3) : gas.log80 
gas(5,4) : gas.log81 
gas(5,5) : gas.log82 
gas(5,6) : gas.log83 
gas(5,7) : gas.log84 
gas(5,8) : gas.log85 
gas(5,9) : gas.log86 
gas(5,10) : gas.log87 
gas(5,11) : gas.log88 
gas(5,12) : gas.log89 
gas(5,13) : gas.log90 
gas(5,14) : gas.log91 
gas(6,0) : gas.log92 
gas(6,1) : gas.log93 
gas(6,2) : gas.log94 
gas(6,3) : gas.log95 
gas(6,4) : gas.log96 
gas(6,5) : gas.log97 
gas(6,6) : gas.log98 
gas(6,7) : gas.log99 
gas(6,8) : gas.log100 
gas(6,9) : gas.log101 
gas(6,10) : gas.log102 
gas(6,11) : gas.log103 
gas(6,12) : gas.log104 
gas(6,13) : gas.log105 
gas(6,14) : gas.log106 
gas(7,0) : gas.log107 
gas(7,1) : gas.log108 
gas(7,2) : gas.log109 
gas(7,3) : gas.log110 
gas(7,4) : gas.log111 
gas(7,5) : gas.log112 
gas(7,6) : gas.log113 
gas(7,7) : gas.log114 
gas(7,8) : gas.log115 
gas(7,9) : gas.log116 
gas(7,10) : gas.log117 
gas(7,11) : gas.log118 
gas(7,12) : gas.log119 
gas(7,13) : gas.log120 
gas(7,14) : gas.log121 
gas(8,0) : gas.log122 
gas(8,1) : gas.log123 
gas(8,2) : gas.log124 
gas(8,3) : gas.log125 
gas(8,4) : gas.log126 
gas(8,5) : gas.log127 
gas(8,6) : gas.log128 
gas(8,7) : gas.log129 
gas(8,8) : gas.log130 
gas(8,9) : gas.log131 
gas(8,10) : gas.log132 
gas(8,11) : gas.log133 
gas(8,12) : gas.log134 
gas(8,13) : gas.log135 
gas(8,14) : gas.log136 
gas(9,0) : gas.log137 
gas(9,1) : gas.log138 
gas(9,2) : gas.log139 
gas(9,3) : gas.log140 
gas(9,4) : gas.log141 
gas(9,5) : gas.log142 
gas(9,6) : gas.log143 
gas(9,7) : gas.log144 
gas(9,8) : gas.log145 
gas(9,9) : gas.log146 
gas(9,10) : gas.log147 
gas(9,11) : gas.log148 
gas(9,12) : gas.log149 
gas(9,13) : gas.log150 
gas(9,14) : gas.log151 
gas(10,0) : gas.log152 
gas(10,1) : gas.log153 
gas(10,2) : gas.log154 
gas(10,3) : gas.log155 
gas(10,4) : gas.log156 
gas(10,5) : gas.log157 
gas(10,6) : gas.log158 
gas(10,7) : gas.log159 
gas(10,8) : gas.log160 
gas(10,9) : gas.log161 
gas(10,10) : gas.log162 
gas(10,11) : gas.log163 
gas(10,12) : gas.log164 
gas(10,13) : gas.log165 
gas(10,14) : gas.log166 
gas(11,0) : gas.log167 
gas(11,1) : gas.log168 
gas(11,2) : gas.log169 
gas(11,3) : gas.log170 
gas(11,4) : gas.log171 
gas(11,5) : gas.log172 
gas(11,6) : gas.log173 
gas(11,7) : gas.log174 
gas(11,8) : gas.log175 
gas(11,9) : gas.log176 
gas(11,10) : gas.log177 
gas(11,11) : gas.log178 
gas(11,12) : gas.log179 
gas(11,13) : gas.log180 
gas(11,14) : gas.log181 
gas(12,0) : gas.log182 
gas(12,1) : gas.log183 
gas(12,2) : gas.log184 
gas(12,3) : gas.log185 
gas(12,4) : gas.log186 
gas(12,5) : gas.log187 
gas(12,6) : gas.log188 
gas(12,7) : gas.log189 
gas(12,8) : gas.log190 
gas(12,9) : gas.log191 
gas(12,10) : gas.log192 
gas(12,11) : gas.log193 
gas(12,12) : gas.log194 
gas(12,13) : gas.log195 
gas(12,14) : gas.log196 
gas(13,0) : gas.log197 
gas(13,1) : gas.log198 
gas(13,2) : gas.log199 
gas(13,3) : gas.log200 
gas(13,4) : gas.log201 
gas(13,5) : gas.log202 
gas(13,6) : gas.log203 
gas(13,7) : gas.log204 
gas(13,8) : gas.log205 
gas(13,9) : gas.log206 
gas(13,10) : gas.log207 
gas(13,11) : gas.log208 
gas(13,12) : gas.log209 
gas(13,13) : gas.log210 
gas(13,14) : gas.log211 
gas(14,0) : gas.log212 
gas(14,1) : gas.log213 
gas(14,2) : gas.log214 
gas(14,3) : gas.log215 
gas(14,4) : gas.log216 
gas(14,5) : gas.log217 
gas(14,6) : gas.log218 
gas(14,7) : gas.log219 
gas(14,8) : gas.log220 
gas(14,9) : gas.log221 
gas(14,10) : gas.log222 
gas(14,11) : gas.log223 
gas(14,12) : gas.log224 
gas(14,13) : gas.log225 
gas(14,14) : gas.log226 
